#
# There is insufficient memory for the Java Runtime Environment to continue.
# Native memory allocation (mmap) failed to map 60817408 bytes for committing reserved memory.
# Possible reasons:
#   The system is out of physical RAM or swap space
#   The process is running with CompressedOops enabled, and the Java Heap may be blocking the growth of the native heap
# Possible solutions:
#   Reduce memory load on the system
#   Increase physical memory or swap space
#   Check if swap backing store is full
#   Decrease Java heap size (-Xmx/-Xms)
#   Decrease number of Java threads
#   Decrease Java thread stack sizes (-Xss)
#   Set larger code cache with -XX:ReservedCodeCacheSize=
#   JVM is running with Unscaled Compressed Oops mode in which the Java heap is
#     placed in the first 4GB address space. The Java Heap base address is the
#     maximum limit for the native heap growth. Please use -XX:HeapBaseMinAddress
#     to set the Java Heap base and to place the Java Heap above 4GB virtual address.
# This output file may be truncated or incomplete.
#
#  Out of Memory Error (os_linux.cpp:2893), pid=19468, tid=19480
#
# JRE version: OpenJDK Runtime Environment (11.0.4+11) (build 11.0.4+11-post-Ubuntu-1ubuntu218.04.3)
# Java VM: OpenJDK 64-Bit Server VM (11.0.4+11-post-Ubuntu-1ubuntu218.04.3, mixed mode, sharing, tiered, compressed oops, g1 gc, linux-amd64)
# Core dump will be written. Default location: Core dumps may be processed with "/usr/share/apport/apport %p %s %c %d %P" (or dumping to /home/victor/dev/projects/eshop/ordering/core.19468)
#

---------------  S U M M A R Y ------------

Command Line: -Dfile.encoding=UTF-8 com.rumanski.ordering.OrderingApplication

Host: Intel(R) Core(TM) i7-4510U CPU @ 2.00GHz, 4 cores, 7G, Ubuntu 18.04.3 LTS
Time: Sun Oct 27 19:29:04 2019 WET elapsed time: 15 seconds (0d 0h 0m 15s)

---------------  T H R E A D  ---------------

Current thread (0x00007fb68c108800):  VMThread "VM Thread" [stack: 0x00007fb6905a2000,0x00007fb6906a2000] [id=19480]

Stack: [0x00007fb6905a2000,0x00007fb6906a2000],  sp=0x00007fb69069fff0,  free space=1015k
Native frames: (J=compiled Java code, A=aot compiled Java code, j=interpreted, Vv=VM code, C=native code)
V  [libjvm.so+0xde4547]
V  [libjvm.so+0xde519b]
V  [libjvm.so+0x6511a5]
V  [libjvm.so+0xbbed38]
V  [libjvm.so+0xbb5ebd]
V  [libjvm.so+0x76f53f]
V  [libjvm.so+0x76f7ae]
V  [libjvm.so+0x77b820]
V  [libjvm.so+0x7f6969]
V  [libjvm.so+0x7f75c2]
V  [libjvm.so+0x7f7a29]
V  [libjvm.so+0x72de6f]
V  [libjvm.so+0x732b6a]
V  [libjvm.so+0xdf01e1]
V  [libjvm.so+0xdeeda8]
V  [libjvm.so+0xdec5e6]
V  [libjvm.so+0xdecaf0]
V  [libjvm.so+0xdecf23]
V  [libjvm.so+0xd7aeea]
V  [libjvm.so+0xbc4a5e]

VM_Operation (0x00007fb69601fd50): G1CollectForAllocation, mode: safepoint, requested by thread 0x00007fb68c015000


---------------  P R O C E S S  ---------------

Threads class SMR info:
_java_thread_list=0x00007fb600002070, length=15, elements={
0x00007fb68c015000, 0x00007fb68c10b800, 0x00007fb68c10d800, 0x00007fb68c114000,
0x00007fb68c116000, 0x00007fb68c118000, 0x00007fb68c11a000, 0x00007fb68c149800,
0x00007fb68c152000, 0x00007fb68ce32800, 0x00007fb62831f000, 0x00007fb68ce34000,
0x00007fb644001000, 0x00007fb68d468800, 0x00007fb68d45e000
}

Java Threads: ( => current thread )
  0x00007fb68c015000 JavaThread "main" [_thread_blocked, id=19474, stack(0x00007fb695f24000,0x00007fb696025000)]
  0x00007fb68c10b800 JavaThread "Reference Handler" daemon [_thread_blocked, id=19481, stack(0x00007fb69049f000,0x00007fb6905a0000)]
  0x00007fb68c10d800 JavaThread "Finalizer" daemon [_thread_blocked, id=19482, stack(0x00007fb69039e000,0x00007fb69049f000)]
  0x00007fb68c114000 JavaThread "Signal Dispatcher" daemon [_thread_blocked, id=19483, stack(0x00007fb69029d000,0x00007fb69039e000)]
  0x00007fb68c116000 JavaThread "C2 CompilerThread0" daemon [_thread_in_native, id=19484, stack(0x00007fb69019c000,0x00007fb69029d000)]
  0x00007fb68c118000 JavaThread "C1 CompilerThread0" daemon [_thread_blocked, id=19485, stack(0x00007fb69009b000,0x00007fb69019c000)]
  0x00007fb68c11a000 JavaThread "Sweeper thread" daemon [_thread_blocked, id=19486, stack(0x00007fb674055000,0x00007fb674156000)]
  0x00007fb68c149800 JavaThread "Service Thread" daemon [_thread_blocked, id=19487, stack(0x00007fb66c16f000,0x00007fb66c270000)]
  0x00007fb68c152000 JavaThread "Common-Cleaner" daemon [_thread_blocked, id=19489, stack(0x00007fb665530000,0x00007fb665631000)]
  0x00007fb68ce32800 JavaThread "Catalina-utility-1" [_thread_blocked, id=19496, stack(0x00007fb664e03000,0x00007fb664f04000)]
  0x00007fb62831f000 JavaThread "Catalina-utility-2" [_thread_blocked, id=19497, stack(0x00007fb6234ff000,0x00007fb623600000)]
  0x00007fb68ce34000 JavaThread "container-0" [_thread_blocked, id=19498, stack(0x00007fb6233fe000,0x00007fb6234ff000)]
  0x00007fb644001000 JavaThread "Attach Listener" daemon [_thread_blocked, id=19499, stack(0x00007fb622cc9000,0x00007fb622dca000)]
  0x00007fb68d468800 JavaThread "PostgreSQL-JDBC-SharedTimer-1" daemon [_thread_blocked, id=19502, stack(0x00007fb622396000,0x00007fb622497000)]
  0x00007fb68d45e000 JavaThread "HikariPool-1 housekeeper" daemon [_thread_blocked, id=19503, stack(0x00007fb622295000,0x00007fb622396000)]

Other Threads:
=>0x00007fb68c108800 VMThread "VM Thread" [stack: 0x00007fb6905a2000,0x00007fb6906a2000] [id=19480]
  0x00007fb68c14c000 WatcherThread [stack: 0x00007fb66c06f000,0x00007fb66c16f000] [id=19488]
  0x00007fb68c02b800 GCTaskThread "GC Thread#0" [stack: 0x00007fb691f1b000,0x00007fb69201b000] [id=19475]
  0x00007fb658001000 GCTaskThread "GC Thread#1" [stack: 0x00007fb665008000,0x00007fb665108000] [id=19490]
  0x00007fb658002800 GCTaskThread "GC Thread#2" [stack: 0x00007fb664f06000,0x00007fb665006000] [id=19491]
  0x00007fb658005000 GCTaskThread "GC Thread#3" [stack: 0x00007fb664d03000,0x00007fb664e03000] [id=19493]
  0x00007fb68c05c800 ConcurrentGCThread "G1 Main Marker" [stack: 0x00007fb690e8a000,0x00007fb690f8a000] [id=19476]
  0x00007fb68c05e000 ConcurrentGCThread "G1 Conc#0" [stack: 0x00007fb690d88000,0x00007fb690e88000] [id=19477]
  0x00007fb68c0d6000 ConcurrentGCThread "G1 Refine#0" [stack: 0x00007fb690882000,0x00007fb690982000] [id=19478]
  0x00007fb68c0d8000 ConcurrentGCThread "G1 Young RemSet Sampling" [stack: 0x00007fb690780000,0x00007fb690880000] [id=19479]

Threads with active compile tasks:
C2 CompilerThread04583       4       org.springframework.core.annotation.AnnotationsScanner::scan (20 bytes)

VM state:at safepoint (normal execution)

VM Mutex/Monitor currently owned by a thread:  ([mutex/lock_event])
[0x00007fb68c0112e0] Threads_lock - owner thread: 0x00007fb68c108800
[0x00007fb68c011a30] Heap_lock - owner thread: 0x00007fb68c015000

Heap address: 0x0000000084e00000, size: 1970 MB, Compressed Oops mode: 32-bit
Narrow klass base: 0x0000000800000000, Narrow klass shift: 3
Compressed class space size: 1073741824 Address: 0x0000000840000000

Heap:
 garbage-first heap   total 224256K, used 22234K [0x0000000084e00000, 0x0000000100000000)
  region size 1024K, 10 young (10240K), 10 survivors (10240K)
 Metaspace       used 52642K, capacity 53901K, committed 54096K, reserved 1095680K
  class space    used 7089K, capacity 7616K, committed 7680K, reserved 1048576K
Heap Regions: E=young(eden), S=young(survivor), O=old, HS=humongous(starts), HC=humongous(continues), CS=collection set, F=free, A=archive, TAMS=top-at-mark-start (previous, next)
|   0|0x0000000084e00000, 0x0000000084f00000, 0x0000000084f00000|100%|HS|  |TAMS 0x0000000084f00000, 0x0000000084e00000| Complete 
|   1|0x0000000084f00000, 0x0000000085000000, 0x0000000085000000|100%| O|  |TAMS 0x0000000085000000, 0x0000000084f00000| Untracked 
|   2|0x0000000085000000, 0x0000000085100000, 0x0000000085100000|100%| O|  |TAMS 0x0000000085100000, 0x0000000085000000| Untracked 
|   3|0x0000000085100000, 0x0000000085200000, 0x0000000085200000|100%| O|  |TAMS 0x0000000085200000, 0x0000000085100000| Untracked 
|   4|0x0000000085200000, 0x0000000085300000, 0x0000000085300000|100%| O|  |TAMS 0x0000000085300000, 0x0000000085200000| Untracked 
|   5|0x0000000085300000, 0x0000000085400000, 0x0000000085400000|100%| O|  |TAMS 0x0000000085400000, 0x0000000085300000| Untracked 
|   6|0x0000000085400000, 0x0000000085500000, 0x0000000085500000|100%| O|  |TAMS 0x0000000085500000, 0x0000000085400000| Untracked 
|   7|0x0000000085500000, 0x0000000085600000, 0x0000000085600000|100%| O|  |TAMS 0x0000000085600000, 0x0000000085500000| Untracked 
|   8|0x0000000085600000, 0x0000000085700000, 0x0000000085700000|100%| O|  |TAMS 0x0000000085700000, 0x0000000085600000| Untracked 
|   9|0x0000000085700000, 0x0000000085800000, 0x0000000085800000|100%| O|  |TAMS 0x000000008572a800, 0x0000000085700000| Untracked 
|  10|0x0000000085800000, 0x0000000085900000, 0x0000000085900000|100%| O|  |TAMS 0x0000000085800000, 0x0000000085800000| Untracked 
|  11|0x0000000085900000, 0x0000000085918800, 0x0000000085a00000|  9%| O|  |TAMS 0x0000000085900000, 0x0000000085900000| Untracked 
|  12|0x0000000085a00000, 0x0000000085a00000, 0x0000000085b00000|  0%| F|  |TAMS 0x0000000085a00000, 0x0000000085a00000| Untracked 
|  13|0x0000000085b00000, 0x0000000085b00000, 0x0000000085c00000|  0%| F|  |TAMS 0x0000000085b00000, 0x0000000085b00000| Untracked 
|  14|0x0000000085c00000, 0x0000000085c00000, 0x0000000085d00000|  0%| F|  |TAMS 0x0000000085c00000, 0x0000000085c00000| Untracked 
|  15|0x0000000085d00000, 0x0000000085d00000, 0x0000000085e00000|  0%| F|  |TAMS 0x0000000085d00000, 0x0000000085d00000| Untracked 
|  16|0x0000000085e00000, 0x0000000085e00000, 0x0000000085f00000|  0%| F|  |TAMS 0x0000000085e00000, 0x0000000085e00000| Untracked 
|  17|0x0000000085f00000, 0x0000000085f00000, 0x0000000086000000|  0%| F|  |TAMS 0x0000000085f00000, 0x0000000085f00000| Untracked 
|  18|0x0000000086000000, 0x0000000086000000, 0x0000000086100000|  0%| F|  |TAMS 0x0000000086000000, 0x0000000086000000| Untracked 
|  19|0x0000000086100000, 0x0000000086100000, 0x0000000086200000|  0%| F|  |TAMS 0x0000000086100000, 0x0000000086100000| Untracked 
|  20|0x0000000086200000, 0x0000000086200000, 0x0000000086300000|  0%| F|  |TAMS 0x0000000086200000, 0x0000000086200000| Untracked 
|  21|0x0000000086300000, 0x0000000086300000, 0x0000000086400000|  0%| F|  |TAMS 0x0000000086300000, 0x0000000086300000| Untracked 
|  22|0x0000000086400000, 0x0000000086400000, 0x0000000086500000|  0%| F|  |TAMS 0x0000000086400000, 0x0000000086400000| Untracked 
|  23|0x0000000086500000, 0x0000000086500000, 0x0000000086600000|  0%| F|  |TAMS 0x0000000086500000, 0x0000000086500000| Untracked 
|  24|0x0000000086600000, 0x0000000086600000, 0x0000000086700000|  0%| F|  |TAMS 0x0000000086600000, 0x0000000086600000| Untracked 
|  25|0x0000000086700000, 0x0000000086700000, 0x0000000086800000|  0%| F|  |TAMS 0x0000000086700000, 0x0000000086700000| Untracked 
|  26|0x0000000086800000, 0x0000000086800000, 0x0000000086900000|  0%| F|  |TAMS 0x0000000086800000, 0x0000000086800000| Untracked 
|  27|0x0000000086900000, 0x0000000086900000, 0x0000000086a00000|  0%| F|  |TAMS 0x0000000086900000, 0x0000000086900000| Untracked 
|  28|0x0000000086a00000, 0x0000000086a00000, 0x0000000086b00000|  0%| F|  |TAMS 0x0000000086a00000, 0x0000000086a00000| Untracked 
|  29|0x0000000086b00000, 0x0000000086b00000, 0x0000000086c00000|  0%| F|  |TAMS 0x0000000086b00000, 0x0000000086b00000| Untracked 
|  30|0x0000000086c00000, 0x0000000086c00000, 0x0000000086d00000|  0%| F|  |TAMS 0x0000000086c00000, 0x0000000086c00000| Untracked 
|  31|0x0000000086d00000, 0x0000000086d00000, 0x0000000086e00000|  0%| F|  |TAMS 0x0000000086d00000, 0x0000000086d00000| Untracked 
|  32|0x0000000086e00000, 0x0000000086e00000, 0x0000000086f00000|  0%| F|  |TAMS 0x0000000086e00000, 0x0000000086e00000| Untracked 
|  33|0x0000000086f00000, 0x0000000086f00000, 0x0000000087000000|  0%| F|  |TAMS 0x0000000086f00000, 0x0000000086f00000| Untracked 
|  34|0x0000000087000000, 0x0000000087000000, 0x0000000087100000|  0%| F|  |TAMS 0x0000000087000000, 0x0000000087000000| Untracked 
|  35|0x0000000087100000, 0x0000000087100000, 0x0000000087200000|  0%| F|  |TAMS 0x0000000087100000, 0x0000000087100000| Untracked 
|  36|0x0000000087200000, 0x0000000087200000, 0x0000000087300000|  0%| F|  |TAMS 0x0000000087200000, 0x0000000087200000| Untracked 
|  37|0x0000000087300000, 0x0000000087300000, 0x0000000087400000|  0%| F|  |TAMS 0x0000000087300000, 0x0000000087300000| Untracked 
|  38|0x0000000087400000, 0x0000000087400000, 0x0000000087500000|  0%| F|  |TAMS 0x0000000087400000, 0x0000000087400000| Untracked 
|  39|0x0000000087500000, 0x0000000087500000, 0x0000000087600000|  0%| F|  |TAMS 0x0000000087500000, 0x0000000087500000| Untracked 
|  40|0x0000000087600000, 0x0000000087600000, 0x0000000087700000|  0%| F|  |TAMS 0x0000000087600000, 0x0000000087600000| Untracked 
|  41|0x0000000087700000, 0x0000000087700000, 0x0000000087800000|  0%| F|  |TAMS 0x0000000087700000, 0x0000000087700000| Untracked 
|  42|0x0000000087800000, 0x0000000087800000, 0x0000000087900000|  0%| F|  |TAMS 0x0000000087800000, 0x0000000087800000| Untracked 
|  43|0x0000000087900000, 0x0000000087900000, 0x0000000087a00000|  0%| F|  |TAMS 0x0000000087900000, 0x0000000087900000| Untracked 
|  44|0x0000000087a00000, 0x0000000087a00000, 0x0000000087b00000|  0%| F|  |TAMS 0x0000000087a00000, 0x0000000087a00000| Untracked 
|  45|0x0000000087b00000, 0x0000000087b00000, 0x0000000087c00000|  0%| F|  |TAMS 0x0000000087b00000, 0x0000000087b00000| Untracked 
|  46|0x0000000087c00000, 0x0000000087c00000, 0x0000000087d00000|  0%| F|  |TAMS 0x0000000087c00000, 0x0000000087c00000| Untracked 
|  47|0x0000000087d00000, 0x0000000087d00000, 0x0000000087e00000|  0%| F|  |TAMS 0x0000000087d00000, 0x0000000087d00000| Untracked 
|  48|0x0000000087e00000, 0x0000000087e00000, 0x0000000087f00000|  0%| F|  |TAMS 0x0000000087e00000, 0x0000000087e00000| Untracked 
|  49|0x0000000087f00000, 0x0000000087f00000, 0x0000000088000000|  0%| F|  |TAMS 0x0000000087f00000, 0x0000000087f00000| Untracked 
|  50|0x0000000088000000, 0x0000000088000000, 0x0000000088100000|  0%| F|  |TAMS 0x0000000088000000, 0x0000000088000000| Untracked 
|  51|0x0000000088100000, 0x0000000088100000, 0x0000000088200000|  0%| F|  |TAMS 0x0000000088100000, 0x0000000088100000| Untracked 
|  52|0x0000000088200000, 0x0000000088200000, 0x0000000088300000|  0%| F|  |TAMS 0x0000000088200000, 0x0000000088200000| Untracked 
|  53|0x0000000088300000, 0x0000000088300000, 0x0000000088400000|  0%| F|  |TAMS 0x0000000088300000, 0x0000000088300000| Untracked 
|  54|0x0000000088400000, 0x0000000088400000, 0x0000000088500000|  0%| F|  |TAMS 0x0000000088400000, 0x0000000088400000| Untracked 
|  55|0x0000000088500000, 0x0000000088500000, 0x0000000088600000|  0%| F|  |TAMS 0x0000000088500000, 0x0000000088500000| Untracked 
|  56|0x0000000088600000, 0x0000000088600000, 0x0000000088700000|  0%| F|  |TAMS 0x0000000088600000, 0x0000000088600000| Untracked 
|  57|0x0000000088700000, 0x0000000088700000, 0x0000000088800000|  0%| F|  |TAMS 0x0000000088700000, 0x0000000088700000| Untracked 
|  58|0x0000000088800000, 0x0000000088800000, 0x0000000088900000|  0%| F|  |TAMS 0x0000000088800000, 0x0000000088800000| Untracked 
|  59|0x0000000088900000, 0x0000000088900000, 0x0000000088a00000|  0%| F|  |TAMS 0x0000000088900000, 0x0000000088900000| Untracked 
|  60|0x0000000088a00000, 0x0000000088b00000, 0x0000000088b00000|100%| S|CS|TAMS 0x0000000088a00000, 0x0000000088a00000| Complete 
|  61|0x0000000088b00000, 0x0000000088c00000, 0x0000000088c00000|100%| S|CS|TAMS 0x0000000088b00000, 0x0000000088b00000| Complete 
|  62|0x0000000088c00000, 0x0000000088d00000, 0x0000000088d00000|100%| S|CS|TAMS 0x0000000088c00000, 0x0000000088c00000| Complete 
|  63|0x0000000088d00000, 0x0000000088e00000, 0x0000000088e00000|100%| S|CS|TAMS 0x0000000088d00000, 0x0000000088d00000| Complete 
|  64|0x0000000088e00000, 0x0000000088f00000, 0x0000000088f00000|100%| S|CS|TAMS 0x0000000088e00000, 0x0000000088e00000| Complete 
|  65|0x0000000088f00000, 0x0000000089000000, 0x0000000089000000|100%| S|CS|TAMS 0x0000000088f00000, 0x0000000088f00000| Complete 
|  66|0x0000000089000000, 0x0000000089100000, 0x0000000089100000|100%| S|CS|TAMS 0x0000000089000000, 0x0000000089000000| Complete 
|  67|0x0000000089100000, 0x0000000089200000, 0x0000000089200000|100%| S|CS|TAMS 0x0000000089100000, 0x0000000089100000| Complete 
|  68|0x0000000089200000, 0x0000000089300000, 0x0000000089300000|100%| S|CS|TAMS 0x0000000089200000, 0x0000000089200000| Complete 
|  69|0x0000000089300000, 0x0000000089400000, 0x0000000089400000|100%| S|CS|TAMS 0x0000000089300000, 0x0000000089300000| Complete 
|  70|0x0000000089400000, 0x0000000089400000, 0x0000000089500000|  0%| F|  |TAMS 0x0000000089400000, 0x0000000089400000| Untracked 
|  71|0x0000000089500000, 0x0000000089500000, 0x0000000089600000|  0%| F|  |TAMS 0x0000000089500000, 0x0000000089500000| Untracked 
|  72|0x0000000089600000, 0x0000000089600000, 0x0000000089700000|  0%| F|  |TAMS 0x0000000089600000, 0x0000000089600000| Untracked 
|  73|0x0000000089700000, 0x0000000089700000, 0x0000000089800000|  0%| F|  |TAMS 0x0000000089700000, 0x0000000089700000| Untracked 
|  74|0x0000000089800000, 0x0000000089800000, 0x0000000089900000|  0%| F|  |TAMS 0x0000000089800000, 0x0000000089800000| Untracked 
|  75|0x0000000089900000, 0x0000000089900000, 0x0000000089a00000|  0%| F|  |TAMS 0x0000000089900000, 0x0000000089900000| Untracked 
|  76|0x0000000089a00000, 0x0000000089a00000, 0x0000000089b00000|  0%| F|  |TAMS 0x0000000089a00000, 0x0000000089a00000| Untracked 
|  77|0x0000000089b00000, 0x0000000089b00000, 0x0000000089c00000|  0%| F|  |TAMS 0x0000000089b00000, 0x0000000089b00000| Untracked 
|  78|0x0000000089c00000, 0x0000000089c00000, 0x0000000089d00000|  0%| F|  |TAMS 0x0000000089c00000, 0x0000000089c00000| Untracked 
|  79|0x0000000089d00000, 0x0000000089d00000, 0x0000000089e00000|  0%| F|  |TAMS 0x0000000089d00000, 0x0000000089d00000| Untracked 
|  80|0x0000000089e00000, 0x0000000089e00000, 0x0000000089f00000|  0%| F|  |TAMS 0x0000000089e00000, 0x0000000089e00000| Untracked 
|  81|0x0000000089f00000, 0x0000000089f00000, 0x000000008a000000|  0%| F|  |TAMS 0x0000000089f00000, 0x0000000089f00000| Untracked 
|  82|0x000000008a000000, 0x000000008a000000, 0x000000008a100000|  0%| F|  |TAMS 0x000000008a000000, 0x000000008a000000| Untracked 
|  83|0x000000008a100000, 0x000000008a100000, 0x000000008a200000|  0%| F|  |TAMS 0x000000008a100000, 0x000000008a100000| Untracked 
|  84|0x000000008a200000, 0x000000008a200000, 0x000000008a300000|  0%| F|  |TAMS 0x000000008a200000, 0x000000008a200000| Untracked 
|  85|0x000000008a300000, 0x000000008a300000, 0x000000008a400000|  0%| F|  |TAMS 0x000000008a300000, 0x000000008a300000| Untracked 
|  86|0x000000008a400000, 0x000000008a400000, 0x000000008a500000|  0%| F|  |TAMS 0x000000008a400000, 0x000000008a400000| Untracked 
|  87|0x000000008a500000, 0x000000008a500000, 0x000000008a600000|  0%| F|  |TAMS 0x000000008a500000, 0x000000008a500000| Untracked 
|  88|0x000000008a600000, 0x000000008a600000, 0x000000008a700000|  0%| F|  |TAMS 0x000000008a600000, 0x000000008a600000| Untracked 
|  89|0x000000008a700000, 0x000000008a700000, 0x000000008a800000|  0%| F|  |TAMS 0x000000008a700000, 0x000000008a700000| Untracked 
|  90|0x000000008a800000, 0x000000008a800000, 0x000000008a900000|  0%| F|  |TAMS 0x000000008a800000, 0x000000008a800000| Untracked 
|  91|0x000000008a900000, 0x000000008a900000, 0x000000008aa00000|  0%| F|  |TAMS 0x000000008a900000, 0x000000008a900000| Untracked 
|  92|0x000000008aa00000, 0x000000008aa00000, 0x000000008ab00000|  0%| F|  |TAMS 0x000000008aa00000, 0x000000008aa00000| Untracked 
|  93|0x000000008ab00000, 0x000000008ab00000, 0x000000008ac00000|  0%| F|  |TAMS 0x000000008ab00000, 0x000000008ab00000| Untracked 
|  94|0x000000008ac00000, 0x000000008ac00000, 0x000000008ad00000|  0%| F|  |TAMS 0x000000008ac00000, 0x000000008ac00000| Untracked 
|  95|0x000000008ad00000, 0x000000008ad00000, 0x000000008ae00000|  0%| F|  |TAMS 0x000000008ad00000, 0x000000008ad00000| Untracked 
|  96|0x000000008ae00000, 0x000000008ae00000, 0x000000008af00000|  0%| F|  |TAMS 0x000000008ae00000, 0x000000008ae00000| Untracked 
|  97|0x000000008af00000, 0x000000008af00000, 0x000000008b000000|  0%| F|  |TAMS 0x000000008af00000, 0x000000008af00000| Untracked 
|  98|0x000000008b000000, 0x000000008b000000, 0x000000008b100000|  0%| F|  |TAMS 0x000000008b000000, 0x000000008b000000| Untracked 
|  99|0x000000008b100000, 0x000000008b100000, 0x000000008b200000|  0%| F|  |TAMS 0x000000008b100000, 0x000000008b100000| Untracked 
| 100|0x000000008b200000, 0x000000008b200000, 0x000000008b300000|  0%| F|  |TAMS 0x000000008b200000, 0x000000008b200000| Untracked 
| 101|0x000000008b300000, 0x000000008b300000, 0x000000008b400000|  0%| F|  |TAMS 0x000000008b300000, 0x000000008b300000| Untracked 
| 102|0x000000008b400000, 0x000000008b400000, 0x000000008b500000|  0%| F|  |TAMS 0x000000008b400000, 0x000000008b400000| Untracked 
| 103|0x000000008b500000, 0x000000008b500000, 0x000000008b600000|  0%| F|  |TAMS 0x000000008b500000, 0x000000008b500000| Untracked 
| 104|0x000000008b600000, 0x000000008b600000, 0x000000008b700000|  0%| F|  |TAMS 0x000000008b600000, 0x000000008b600000| Untracked 
| 105|0x000000008b700000, 0x000000008b700000, 0x000000008b800000|  0%| F|  |TAMS 0x000000008b700000, 0x000000008b700000| Untracked 
| 106|0x000000008b800000, 0x000000008b800000, 0x000000008b900000|  0%| F|  |TAMS 0x000000008b800000, 0x000000008b800000| Untracked 
| 107|0x000000008b900000, 0x000000008b900000, 0x000000008ba00000|  0%| F|  |TAMS 0x000000008b900000, 0x000000008b900000| Untracked 
| 108|0x000000008ba00000, 0x000000008ba00000, 0x000000008bb00000|  0%| F|  |TAMS 0x000000008ba00000, 0x000000008ba00000| Untracked 
| 109|0x000000008bb00000, 0x000000008bb00000, 0x000000008bc00000|  0%| F|  |TAMS 0x000000008bb00000, 0x000000008bb00000| Untracked 
| 110|0x000000008bc00000, 0x000000008bc00000, 0x000000008bd00000|  0%| F|  |TAMS 0x000000008bc00000, 0x000000008bc00000| Untracked 
| 111|0x000000008bd00000, 0x000000008bd00000, 0x000000008be00000|  0%| F|  |TAMS 0x000000008bd00000, 0x000000008bd00000| Untracked 
| 112|0x000000008be00000, 0x000000008be00000, 0x000000008bf00000|  0%| F|  |TAMS 0x000000008be00000, 0x000000008be00000| Untracked 
| 113|0x000000008bf00000, 0x000000008bf00000, 0x000000008c000000|  0%| F|  |TAMS 0x000000008bf00000, 0x000000008bf00000| Untracked 
| 114|0x000000008c000000, 0x000000008c000000, 0x000000008c100000|  0%| F|  |TAMS 0x000000008c000000, 0x000000008c000000| Untracked 
| 115|0x000000008c100000, 0x000000008c100000, 0x000000008c200000|  0%| F|  |TAMS 0x000000008c100000, 0x000000008c100000| Untracked 
| 116|0x000000008c200000, 0x000000008c200000, 0x000000008c300000|  0%| F|  |TAMS 0x000000008c200000, 0x000000008c200000| Untracked 
| 117|0x000000008c300000, 0x000000008c300000, 0x000000008c400000|  0%| F|  |TAMS 0x000000008c300000, 0x000000008c300000| Untracked 
| 118|0x000000008c400000, 0x000000008c400000, 0x000000008c500000|  0%| F|  |TAMS 0x000000008c400000, 0x000000008c400000| Untracked 
| 119|0x000000008c500000, 0x000000008c500000, 0x000000008c600000|  0%| F|  |TAMS 0x000000008c500000, 0x000000008c500000| Untracked 
| 120|0x000000008c600000, 0x000000008c600000, 0x000000008c700000|  0%| F|  |TAMS 0x000000008c600000, 0x000000008c600000| Untracked 
| 121|0x000000008c700000, 0x000000008c700000, 0x000000008c800000|  0%| F|  |TAMS 0x000000008c700000, 0x000000008c700000| Untracked 
| 122|0x000000008c800000, 0x000000008c800000, 0x000000008c900000|  0%| F|  |TAMS 0x000000008c800000, 0x000000008c800000| Untracked 
| 123|0x000000008c900000, 0x000000008c900000, 0x000000008ca00000|  0%| F|  |TAMS 0x000000008c900000, 0x000000008c900000| Untracked 
| 124|0x000000008ca00000, 0x000000008ca00000, 0x000000008cb00000|  0%| F|  |TAMS 0x000000008ca00000, 0x000000008ca00000| Untracked 
| 125|0x000000008cb00000, 0x000000008cb00000, 0x000000008cc00000|  0%| F|  |TAMS 0x000000008cb00000, 0x000000008cb00000| Untracked 
| 126|0x000000008cc00000, 0x000000008cc00000, 0x000000008cd00000|  0%| F|  |TAMS 0x000000008cc00000, 0x000000008cc00000| Untracked 
| 127|0x000000008cd00000, 0x000000008cd00000, 0x000000008ce00000|  0%| F|  |TAMS 0x000000008cd00000, 0x000000008cd00000| Untracked 
| 128|0x000000008ce00000, 0x000000008ce00000, 0x000000008cf00000|  0%| F|  |TAMS 0x000000008ce00000, 0x000000008ce00000| Untracked 
| 129|0x000000008cf00000, 0x000000008cf00000, 0x000000008d000000|  0%| F|  |TAMS 0x000000008cf00000, 0x000000008cf00000| Untracked 
| 130|0x000000008d000000, 0x000000008d000000, 0x000000008d100000|  0%| F|  |TAMS 0x000000008d000000, 0x000000008d000000| Untracked 
| 131|0x000000008d100000, 0x000000008d100000, 0x000000008d200000|  0%| F|  |TAMS 0x000000008d100000, 0x000000008d100000| Untracked 
| 132|0x000000008d200000, 0x000000008d200000, 0x000000008d300000|  0%| F|  |TAMS 0x000000008d200000, 0x000000008d200000| Untracked 
| 133|0x000000008d300000, 0x000000008d300000, 0x000000008d400000|  0%| F|  |TAMS 0x000000008d300000, 0x000000008d300000| Untracked 
| 134|0x000000008d400000, 0x000000008d400000, 0x000000008d500000|  0%| F|  |TAMS 0x000000008d400000, 0x000000008d400000| Untracked 
| 135|0x000000008d500000, 0x000000008d500000, 0x000000008d600000|  0%| F|  |TAMS 0x000000008d500000, 0x000000008d500000| Untracked 
| 136|0x000000008d600000, 0x000000008d600000, 0x000000008d700000|  0%| F|  |TAMS 0x000000008d600000, 0x000000008d600000| Untracked 
| 137|0x000000008d700000, 0x000000008d700000, 0x000000008d800000|  0%| F|  |TAMS 0x000000008d700000, 0x000000008d700000| Untracked 
| 138|0x000000008d800000, 0x000000008d800000, 0x000000008d900000|  0%| F|  |TAMS 0x000000008d800000, 0x000000008d800000| Untracked 
| 139|0x000000008d900000, 0x000000008d900000, 0x000000008da00000|  0%| F|  |TAMS 0x000000008d900000, 0x000000008d900000| Untracked 
| 140|0x000000008da00000, 0x000000008da00000, 0x000000008db00000|  0%| F|  |TAMS 0x000000008da00000, 0x000000008da00000| Untracked 
| 141|0x000000008db00000, 0x000000008db00000, 0x000000008dc00000|  0%| F|  |TAMS 0x000000008db00000, 0x000000008db00000| Untracked 
| 142|0x000000008dc00000, 0x000000008dc00000, 0x000000008dd00000|  0%| F|  |TAMS 0x000000008dc00000, 0x000000008dc00000| Untracked 
| 143|0x000000008dd00000, 0x000000008dd00000, 0x000000008de00000|  0%| F|  |TAMS 0x000000008dd00000, 0x000000008dd00000| Untracked 
| 144|0x000000008de00000, 0x000000008de00000, 0x000000008df00000|  0%| F|  |TAMS 0x000000008de00000, 0x000000008de00000| Untracked 
| 145|0x000000008df00000, 0x000000008df00000, 0x000000008e000000|  0%| F|  |TAMS 0x000000008df00000, 0x000000008df00000| Untracked 
| 146|0x000000008e000000, 0x000000008e000000, 0x000000008e100000|  0%| F|  |TAMS 0x000000008e000000, 0x000000008e000000| Untracked 
| 147|0x000000008e100000, 0x000000008e100000, 0x000000008e200000|  0%| F|  |TAMS 0x000000008e100000, 0x000000008e100000| Untracked 
| 148|0x000000008e200000, 0x000000008e200000, 0x000000008e300000|  0%| F|  |TAMS 0x000000008e200000, 0x000000008e200000| Untracked 
| 149|0x000000008e300000, 0x000000008e300000, 0x000000008e400000|  0%| F|  |TAMS 0x000000008e300000, 0x000000008e300000| Untracked 
| 150|0x000000008e400000, 0x000000008e400000, 0x000000008e500000|  0%| F|  |TAMS 0x000000008e400000, 0x000000008e400000| Untracked 
| 151|0x000000008e500000, 0x000000008e500000, 0x000000008e600000|  0%| F|  |TAMS 0x000000008e500000, 0x000000008e500000| Untracked 
| 152|0x000000008e600000, 0x000000008e600000, 0x000000008e700000|  0%| F|  |TAMS 0x000000008e600000, 0x000000008e600000| Untracked 
| 153|0x000000008e700000, 0x000000008e700000, 0x000000008e800000|  0%| F|  |TAMS 0x000000008e700000, 0x000000008e700000| Untracked 
| 154|0x000000008e800000, 0x000000008e800000, 0x000000008e900000|  0%| F|  |TAMS 0x000000008e800000, 0x000000008e800000| Untracked 
| 155|0x000000008e900000, 0x000000008e900000, 0x000000008ea00000|  0%| F|  |TAMS 0x000000008e900000, 0x000000008e900000| Untracked 
| 156|0x000000008ea00000, 0x000000008ea00000, 0x000000008eb00000|  0%| F|  |TAMS 0x000000008ea00000, 0x000000008ea00000| Untracked 
| 157|0x000000008eb00000, 0x000000008eb00000, 0x000000008ec00000|  0%| F|  |TAMS 0x000000008eb00000, 0x000000008eb00000| Untracked 
| 158|0x000000008ec00000, 0x000000008ec00000, 0x000000008ed00000|  0%| F|  |TAMS 0x000000008ec00000, 0x000000008ec00000| Untracked 
|1968|0x00000000ffe00000, 0x00000000ffe34000, 0x00000000fff00000| 20%|OA|  |TAMS 0x00000000ffe34000, 0x00000000ffe00000| Untracked 
|1969|0x00000000fff00000, 0x00000000fff6a000, 0x0000000100000000| 41%|CA|  |TAMS 0x00000000fff6a000, 0x00000000fff00000| Untracked 

Card table byte_map: [0x00007fb691363000,0x00007fb69173c000] _byte_map_base: 0x00007fb690f3c000

Marking Bits (Prev, Next): (CMBitMap*) 0x00007fb68c053b98, (CMBitMap*) 0x00007fb68c053bd0
 Prev Bits: [0x00007fb66e138000, 0x00007fb670000000)
 Next Bits: [0x00007fb66c270000, 0x00007fb66e138000)

Polling page: 0x00007fb69603e000

Metaspace:

Usage:
  Non-class:     45,20 MB capacity,    44,49 MB ( 98%) used,   568,75 KB (  1%) free+waste,   163,38 KB ( <1%) overhead. 
      Class:      7,44 MB capacity,     6,92 MB ( 93%) used,   448,69 KB (  6%) free+waste,    77,38 KB (  1%) overhead. 
       Both:     52,64 MB capacity,    51,41 MB ( 98%) used,  1017,44 KB (  2%) free+waste,   240,75 KB ( <1%) overhead. 

Virtual space:
  Non-class space:       46,00 MB reserved,      45,33 MB ( 99%) committed 
      Class space:        1,00 GB reserved,       7,50 MB ( <1%) committed 
             Both:        1,04 GB reserved,      52,83 MB (  5%) committed 

Chunk freelists:
   Non-Class:  0 bytes
       Class:  0 bytes
        Both:  0 bytes

CodeHeap 'non-profiled nmethods': size=120032Kb used=2315Kb max_used=2315Kb free=117716Kb
 bounds [0x00007fb67c41e000, 0x00007fb67c68e000, 0x00007fb683956000]
CodeHeap 'profiled nmethods': size=120032Kb used=10565Kb max_used=10565Kb free=109466Kb
 bounds [0x00007fb674ee6000, 0x00007fb675946000, 0x00007fb67c41e000]
CodeHeap 'non-nmethods': size=5696Kb used=1226Kb max_used=1270Kb free=4470Kb
 bounds [0x00007fb674956000, 0x00007fb674bc6000, 0x00007fb674ee6000]
 total_blobs=6294 nmethods=4683 adapters=504
 compilation: enabled
              stopped_count=0, restarted_count=0
 full_count=0

Compilation events (10 events):
Event: 15,092 Thread 0x00007fb68c118000 4848       2       java.util.stream.MatchOps$MatchOp::getOpFlags (8 bytes)
Event: 15,092 Thread 0x00007fb68c118000 nmethod 4848 0x00007fb675938110 code [0x00007fb6759382c0, 0x00007fb675938430]
Event: 15,092 Thread 0x00007fb68c118000 4849       2       java.util.stream.MatchOps$MatchOp::evaluateSequential (7 bytes)
Event: 15,093 Thread 0x00007fb68c118000 nmethod 4849 0x00007fb675938490 code [0x00007fb675938660, 0x00007fb6759388d8]
Event: 15,093 Thread 0x00007fb68c118000 4850       2       java.util.stream.MatchOps$MatchOp::evaluateSequential (27 bytes)
Event: 15,093 Thread 0x00007fb68c118000 nmethod 4850 0x00007fb675938a10 code [0x00007fb675938be0, 0x00007fb675938e58]
Event: 15,093 Thread 0x00007fb68c118000 4851       2       java.util.stream.MatchOps$BooleanTerminalSink::<init> (21 bytes)
Event: 15,093 Thread 0x00007fb68c118000 nmethod 4851 0x00007fb675938f90 code [0x00007fb675939140, 0x00007fb6759392d0]
Event: 15,093 Thread 0x00007fb68c118000 4852       2       org.springframework.data.util.Lazy::getNullable (36 bytes)
Event: 15,093 Thread 0x00007fb68c118000 nmethod 4852 0x00007fb675939390 code [0x00007fb675939560, 0x00007fb675939788]

GC Heap History (10 events):
Event: 1,597 GC heap after
{Heap after GC invocations=4 (full 0):
 garbage-first heap   total 129024K, used 10332K [0x0000000084e00000, 0x0000000100000000)
  region size 1024K, 3 young (3072K), 3 survivors (3072K)
 Metaspace       used 15311K, capacity 15821K, committed 16128K, reserved 1062912K
  class space    used 1981K, capacity 2185K, committed 2304K, reserved 1048576K
}
Event: 1,834 GC heap before
{Heap before GC invocations=4 (full 0):
 garbage-first heap   total 129024K, used 61532K [0x0000000084e00000, 0x0000000100000000)
  region size 1024K, 54 young (55296K), 3 survivors (3072K)
 Metaspace       used 17767K, capacity 18283K, committed 18432K, reserved 1064960K
  class space    used 2296K, capacity 2498K, committed 2560K, reserved 1048576K
}
Event: 1,842 GC heap after
{Heap after GC invocations=5 (full 0):
 garbage-first heap   total 164864K, used 11189K [0x0000000084e00000, 0x0000000100000000)
  region size 1024K, 4 young (4096K), 4 survivors (4096K)
 Metaspace       used 17767K, capacity 18283K, committed 18432K, reserved 1064960K
  class space    used 2296K, capacity 2498K, committed 2560K, reserved 1048576K
}
Event: 2,505 GC heap before
{Heap before GC invocations=5 (full 0):
 garbage-first heap   total 164864K, used 44981K [0x0000000084e00000, 0x0000000100000000)
  region size 1024K, 38 young (38912K), 4 survivors (4096K)
 Metaspace       used 20529K, capacity 21145K, committed 21296K, reserved 1067008K
  class space    used 2620K, capacity 2884K, committed 2944K, reserved 1048576K
}
Event: 2,525 GC heap after
{Heap after GC invocations=6 (full 0):
 garbage-first heap   total 164864K, used 12416K [0x0000000084e00000, 0x0000000100000000)
  region size 1024K, 5 young (5120K), 5 survivors (5120K)
 Metaspace       used 20529K, capacity 21145K, committed 21296K, reserved 1067008K
  class space    used 2620K, capacity 2884K, committed 2944K, reserved 1048576K
}
Event: 4,206 GC heap before
{Heap before GC invocations=7 (full 0):
 garbage-first heap   total 164864K, used 82048K [0x0000000084e00000, 0x0000000100000000)
  region size 1024K, 74 young (75776K), 5 survivors (5120K)
 Metaspace       used 28113K, capacity 29016K, committed 29360K, reserved 1075200K
  class space    used 3601K, capacity 3984K, committed 4096K, reserved 1048576K
}
Event: 4,233 GC heap after
{Heap after GC invocations=8 (full 0):
 garbage-first heap   total 164864K, used 15785K [0x0000000084e00000, 0x0000000100000000)
  region size 1024K, 9 young (9216K), 9 survivors (9216K)
 Metaspace       used 28113K, capacity 29016K, committed 29360K, reserved 1075200K
  class space    used 3601K, capacity 3984K, committed 4096K, reserved 1048576K
}
Event: 5,471 GC heap before
{Heap before GC invocations=8 (full 0):
 garbage-first heap   total 164864K, used 64937K [0x0000000084e00000, 0x0000000100000000)
  region size 1024K, 59 young (60416K), 9 survivors (9216K)
 Metaspace       used 34692K, capacity 35673K, committed 35920K, reserved 1081344K
  class space    used 4643K, capacity 5026K, committed 5120K, reserved 1048576K
}
Event: 5,498 GC heap after
{Heap after GC invocations=9 (full 0):
 garbage-first heap   total 164864K, used 17548K [0x0000000084e00000, 0x0000000100000000)
  region size 1024K, 8 young (8192K), 8 survivors (8192K)
 Metaspace       used 34692K, capacity 35673K, committed 35920K, reserved 1081344K
  class space    used 4643K, capacity 5026K, committed 5120K, reserved 1048576K
}
Event: 15,095 GC heap before
{Heap before GC invocations=10 (full 0):
 garbage-first heap   total 164864K, used 100492K [0x0000000084e00000, 0x0000000100000000)
  region size 1024K, 89 young (91136K), 8 survivors (8192K)
 Metaspace       used 52642K, capacity 53901K, committed 54096K, reserved 1095680K
  class space    used 7089K, capacity 7616K, committed 7680K, reserved 1048576K
}

Deoptimization events (10 events):
Event: 14,784 Thread 0x00007fb68c015000 DEOPT PACKING pc=0x00007fb67c5914a8 sp=0x00007fb696022a40
Event: 14,784 Thread 0x00007fb68c015000 DEOPT UNPACKING pc=0x00007fb67497ea25 sp=0x00007fb696022a50 mode 2
Event: 14,799 Thread 0x00007fb68c015000 Uncommon trap: trap_request=0xffffffde fr.pc=0x00007fb67c605194 relative=0x00000000000002b4
Event: 14,799 Thread 0x00007fb68c015000 Uncommon trap: reason=class_check action=maybe_recompile pc=0x00007fb67c605194 method=java.lang.reflect.Executable.getAnnotation(Ljava/lang/Class;)Ljava/lang/annotation/Annotation; @ 19 c2
Event: 14,799 Thread 0x00007fb68c015000 DEOPT PACKING pc=0x00007fb67c605194 sp=0x00007fb696021de0
Event: 14,799 Thread 0x00007fb68c015000 DEOPT UNPACKING pc=0x00007fb67497ea25 sp=0x00007fb696021d48 mode 2
Event: 15,070 Thread 0x00007fb68c015000 Uncommon trap: trap_request=0xffffffde fr.pc=0x00007fb67c605194 relative=0x00000000000002b4
Event: 15,070 Thread 0x00007fb68c015000 Uncommon trap: reason=class_check action=maybe_recompile pc=0x00007fb67c605194 method=java.lang.reflect.Executable.getAnnotation(Ljava/lang/Class;)Ljava/lang/annotation/Annotation; @ 19 c2
Event: 15,070 Thread 0x00007fb68c015000 DEOPT PACKING pc=0x00007fb67c605194 sp=0x00007fb696021300
Event: 15,070 Thread 0x00007fb68c015000 DEOPT UNPACKING pc=0x00007fb67497ea25 sp=0x00007fb696021268 mode 2

Classes redefined (0 events):
No events

Internal exceptions (10 events):
Event: 12,107 Thread 0x00007fb68c015000 Exception <a 'java/lang/NoSuchMethodError'{0x000000008a3db1c8}: 'int java.lang.invoke.DirectMethodHandle$Holder.invokeVirtual(java.lang.Object, java.lang.Object, java.lang.Object)'> (0x000000008a3db1c8) thrown at [/build/openjdk-lts-7bqZff/openjdk-lts-11.
Event: 12,203 Thread 0x00007fb68c015000 Exception <a 'java/lang/IncompatibleClassChangeError'{0x000000008a2dfd90}: Found class java.lang.Object, but interface was expected> (0x000000008a2dfd90) thrown at [/build/openjdk-lts-7bqZff/openjdk-lts-11.0.4+11/src/hotspot/share/interpreter/linkResolver
Event: 12,515 Thread 0x00007fb68c015000 Exception <a 'java/lang/reflect/InvocationTargetException'{0x0000000089ccd5a0}> (0x0000000089ccd5a0) thrown at [/build/openjdk-lts-7bqZff/openjdk-lts-11.0.4+11/src/hotspot/share/runtime/reflection.cpp, line 1246]
Event: 12,539 Thread 0x00007fb68c015000 Exception <a 'java/lang/NoSuchMethodError'{0x0000000089b59f90}: 'java.lang.Object java.lang.invoke.Invokers$Holder.linkToTargetMethod(java.lang.Object, int, java.lang.Object)'> (0x0000000089b59f90) thrown at [/build/openjdk-lts-7bqZff/openjdk-lts-11.0.4+1
Event: 12,545 Thread 0x00007fb68c015000 Exception <a 'java/lang/IncompatibleClassChangeError'{0x0000000089b88760}: Found class java.lang.Object, but interface was expected> (0x0000000089b88760) thrown at [/build/openjdk-lts-7bqZff/openjdk-lts-11.0.4+11/src/hotspot/share/interpreter/linkResolver
Event: 14,855 Thread 0x00007fb68c015000 Exception <a 'java/lang/ClassNotFoundException'{0x000000008987e5d8}: java/lang/ObjectCustomizer> (0x000000008987e5d8) thrown at [/build/openjdk-lts-7bqZff/openjdk-lts-11.0.4+11/src/hotspot/share/classfile/systemDictionary.cpp, line 231]
Event: 14,883 Thread 0x00007fb68c015000 Exception <a 'java/lang/ClassNotFoundException'{0x000000008988dc68}: com/rumanski/ordering/model/OrderCustomizer> (0x000000008988dc68) thrown at [/build/openjdk-lts-7bqZff/openjdk-lts-11.0.4+11/src/hotspot/share/classfile/systemDictionary.cpp, line 231]
Event: 15,045 Thread 0x00007fb68c015000 Exception <a 'java/lang/reflect/InvocationTargetException'{0x0000000089406568}> (0x0000000089406568) thrown at [/build/openjdk-lts-7bqZff/openjdk-lts-11.0.4+11/src/hotspot/share/runtime/reflection.cpp, line 1246]
Event: 15,087 Thread 0x00007fb68c015000 Exception <a 'java/lang/ClassNotFoundException'{0x00000000894a5f98}: java/lang/ObjectCustomizer> (0x00000000894a5f98) thrown at [/build/openjdk-lts-7bqZff/openjdk-lts-11.0.4+11/src/hotspot/share/classfile/systemDictionary.cpp, line 231]
Event: 15,088 Thread 0x00007fb68c015000 Exception <a 'java/lang/ClassNotFoundException'{0x00000000894b6c28}: com/rumanski/ordering/model/OrderingEventCustomizer> (0x00000000894b6c28) thrown at [/build/openjdk-lts-7bqZff/openjdk-lts-11.0.4+11/src/hotspot/share/classfile/systemDictionary.cpp, lin

Events (10 events):
Event: 15,087 loading class java/lang/ObjectCustomizer done
Event: 15,087 loading class java/lang/ObjectCustomizer
Event: 15,087 loading class java/lang/ObjectCustomizer done
Event: 15,087 loading class com/rumanski/ordering/model/OrderingEventCustomizer
Event: 15,087 loading class com/rumanski/ordering/model/OrderingEventCustomizer done
Event: 15,088 loading class com/rumanski/ordering/model/OrderingEventCustomizer
Event: 15,088 loading class com/rumanski/ordering/model/OrderingEventCustomizer done
Event: 15,088 loading class com/rumanski/ordering/model/OrderingEventCustomizer
Event: 15,088 loading class com/rumanski/ordering/model/OrderingEventCustomizer done
Event: 15,094 Executing VM operation: G1CollectForAllocation


Dynamic libraries:
84e00000-8ed00000 rw-p 00000000 00:00 0 
92700000-ffe00000 ---p 00000000 00:00 0 
ffe00000-ffe34000 rw-p 01116000 08:01 2758163                            /usr/lib/jvm/java-11-openjdk-amd64/lib/server/classes.jsa
ffe34000-fff00000 rw-p 00000000 00:00 0 
fff00000-fff6a000 rw-p 010ac000 08:01 2758163                            /usr/lib/jvm/java-11-openjdk-amd64/lib/server/classes.jsa
fff6a000-100000000 rw-p 00000000 00:00 0 
800000000-800002000 rwxp 00001000 08:01 2758163                          /usr/lib/jvm/java-11-openjdk-amd64/lib/server/classes.jsa
800002000-8003bd000 rw-p 00003000 08:01 2758163                          /usr/lib/jvm/java-11-openjdk-amd64/lib/server/classes.jsa
8003bd000-800a98000 r--p 003be000 08:01 2758163                          /usr/lib/jvm/java-11-openjdk-amd64/lib/server/classes.jsa
800a98000-800a99000 rw-p 00a99000 08:01 2758163                          /usr/lib/jvm/java-11-openjdk-amd64/lib/server/classes.jsa
800a99000-8010ab000 r--p 00a9a000 08:01 2758163                          /usr/lib/jvm/java-11-openjdk-amd64/lib/server/classes.jsa
840000000-840780000 rw-p 00000000 00:00 0 
840780000-880000000 ---p 00000000 00:00 0 
5606967b7000-5606967b8000 r-xp 00000000 08:01 2754084                    /usr/lib/jvm/java-11-openjdk-amd64/bin/java
5606969b8000-5606969b9000 r--p 00001000 08:01 2754084                    /usr/lib/jvm/java-11-openjdk-amd64/bin/java
5606969b9000-5606969ba000 rw-p 00002000 08:01 2754084                    /usr/lib/jvm/java-11-openjdk-amd64/bin/java
560697f5e000-560697f7f000 rw-p 00000000 00:00 0                          [heap]
7fb600000000-7fb600021000 rw-p 00000000 00:00 0 
7fb600021000-7fb604000000 ---p 00000000 00:00 0 
7fb608000000-7fb608021000 rw-p 00000000 00:00 0 
7fb608021000-7fb60c000000 ---p 00000000 00:00 0 
7fb60c000000-7fb60c021000 rw-p 00000000 00:00 0 
7fb60c021000-7fb610000000 ---p 00000000 00:00 0 
7fb610000000-7fb610021000 rw-p 00000000 00:00 0 
7fb610021000-7fb614000000 ---p 00000000 00:00 0 
7fb614000000-7fb614021000 rw-p 00000000 00:00 0 
7fb614021000-7fb618000000 ---p 00000000 00:00 0 
7fb618000000-7fb618021000 rw-p 00000000 00:00 0 
7fb618021000-7fb61c000000 ---p 00000000 00:00 0 
7fb61c000000-7fb61c021000 rw-p 00000000 00:00 0 
7fb61c021000-7fb620000000 ---p 00000000 00:00 0 
7fb621794000-7fb621914000 rw-p 00000000 00:00 0 
7fb621914000-7fb621994000 ---p 00000000 00:00 0 
7fb621994000-7fb621b94000 rw-p 00000000 00:00 0 
7fb621b94000-7fb621d94000 rw-p 00000000 00:00 0 
7fb621d94000-7fb621f94000 rw-p 00000000 00:00 0 
7fb621f94000-7fb622194000 rw-p 00000000 00:00 0 
7fb622194000-7fb622198000 ---p 00000000 00:00 0 
7fb622198000-7fb622295000 rw-p 00000000 00:00 0 
7fb622295000-7fb622299000 ---p 00000000 00:00 0 
7fb622299000-7fb622396000 rw-p 00000000 00:00 0 
7fb622396000-7fb62239a000 ---p 00000000 00:00 0 
7fb62239a000-7fb622697000 rw-p 00000000 00:00 0 
7fb622697000-7fb622897000 rw-p 00000000 00:00 0 
7fb622897000-7fb6228c1000 r-xp 00000000 08:01 2754249                    /usr/lib/jvm/java-11-openjdk-amd64/lib/libsunec.so
7fb6228c1000-7fb622ac0000 ---p 0002a000 08:01 2754249                    /usr/lib/jvm/java-11-openjdk-amd64/lib/libsunec.so
7fb622ac0000-7fb622ac4000 r--p 00029000 08:01 2754249                    /usr/lib/jvm/java-11-openjdk-amd64/lib/libsunec.so
7fb622ac4000-7fb622ac6000 rw-p 0002d000 08:01 2754249                    /usr/lib/jvm/java-11-openjdk-amd64/lib/libsunec.so
7fb622ac6000-7fb622ac8000 r-xp 00000000 08:01 2754223                    /usr/lib/jvm/java-11-openjdk-amd64/lib/libextnet.so
7fb622ac8000-7fb622cc7000 ---p 00002000 08:01 2754223                    /usr/lib/jvm/java-11-openjdk-amd64/lib/libextnet.so
7fb622cc7000-7fb622cc8000 r--p 00001000 08:01 2754223                    /usr/lib/jvm/java-11-openjdk-amd64/lib/libextnet.so
7fb622cc8000-7fb622cc9000 rw-p 00002000 08:01 2754223                    /usr/lib/jvm/java-11-openjdk-amd64/lib/libextnet.so
7fb622cc9000-7fb622ccd000 ---p 00000000 00:00 0 
7fb622ccd000-7fb622dca000 rw-p 00000000 00:00 0 
7fb622dfe000-7fb622fe6000 rw-p 00000000 00:00 0 
7fb622fe6000-7fb622ffe000 ---p 00000000 00:00 0 
7fb622ffe000-7fb6231fe000 rw-p 00000000 00:00 0 
7fb6231fe000-7fb6233fe000 rw-p 00000000 00:00 0 
7fb6233fe000-7fb623402000 ---p 00000000 00:00 0 
7fb623402000-7fb6234ff000 rw-p 00000000 00:00 0 
7fb6234ff000-7fb623503000 ---p 00000000 00:00 0 
7fb623503000-7fb623800000 rw-p 00000000 00:00 0 
7fb623800000-7fb623a00000 rw-p 00000000 00:00 0 
7fb623a00000-7fb623c00000 rw-p 00000000 00:00 0 
7fb623c00000-7fb623e00000 rw-p 00000000 00:00 0 
7fb623e00000-7fb623fec000 rw-p 00000000 00:00 0 
7fb623fec000-7fb624000000 ---p 00000000 00:00 0 
7fb624000000-7fb624021000 rw-p 00000000 00:00 0 
7fb624021000-7fb628000000 ---p 00000000 00:00 0 
7fb628000000-7fb62834e000 rw-p 00000000 00:00 0 
7fb62834e000-7fb62c000000 ---p 00000000 00:00 0 
7fb62c000000-7fb62c021000 rw-p 00000000 00:00 0 
7fb62c021000-7fb630000000 ---p 00000000 00:00 0 
7fb630000000-7fb630021000 rw-p 00000000 00:00 0 
7fb630021000-7fb634000000 ---p 00000000 00:00 0 
7fb634000000-7fb634021000 rw-p 00000000 00:00 0 
7fb634021000-7fb638000000 ---p 00000000 00:00 0 
7fb638000000-7fb638021000 rw-p 00000000 00:00 0 
7fb638021000-7fb63c000000 ---p 00000000 00:00 0 
7fb63c000000-7fb63c854000 rw-p 00000000 00:00 0 
7fb63c854000-7fb640000000 ---p 00000000 00:00 0 
7fb640000000-7fb640021000 rw-p 00000000 00:00 0 
7fb640021000-7fb644000000 ---p 00000000 00:00 0 
7fb644000000-7fb644021000 rw-p 00000000 00:00 0 
7fb644021000-7fb648000000 ---p 00000000 00:00 0 
7fb648000000-7fb64a2ab000 rw-p 00000000 00:00 0 
7fb64a2ab000-7fb64c000000 ---p 00000000 00:00 0 
7fb64c000000-7fb64c021000 rw-p 00000000 00:00 0 
7fb64c021000-7fb650000000 ---p 00000000 00:00 0 
7fb650000000-7fb650021000 rw-p 00000000 00:00 0 
7fb650021000-7fb654000000 ---p 00000000 00:00 0 
7fb654000000-7fb654021000 rw-p 00000000 00:00 0 
7fb654021000-7fb658000000 ---p 00000000 00:00 0 
7fb658000000-7fb65802f000 rw-p 00000000 00:00 0 
7fb65802f000-7fb65c000000 ---p 00000000 00:00 0 
7fb65c000000-7fb65c021000 rw-p 00000000 00:00 0 
7fb65c021000-7fb660000000 ---p 00000000 00:00 0 
7fb660000000-7fb660021000 rw-p 00000000 00:00 0 
7fb660021000-7fb664000000 ---p 00000000 00:00 0 
7fb6640f6000-7fb6642f6000 rw-p 00000000 00:00 0 
7fb6642f6000-7fb6644f6000 rw-p 00000000 00:00 0 
7fb6644f6000-7fb6646f6000 rw-p 00000000 00:00 0 
7fb6646f6000-7fb6648f6000 rw-p 00000000 00:00 0 
7fb6648f6000-7fb6648fb000 r-xp 00000000 08:01 2754241                    /usr/lib/jvm/java-11-openjdk-amd64/lib/libmanagement_ext.so
7fb6648fb000-7fb664afa000 ---p 00005000 08:01 2754241                    /usr/lib/jvm/java-11-openjdk-amd64/lib/libmanagement_ext.so
7fb664afa000-7fb664afb000 r--p 00004000 08:01 2754241                    /usr/lib/jvm/java-11-openjdk-amd64/lib/libmanagement_ext.so
7fb664afb000-7fb664afc000 rw-p 00005000 08:01 2754241                    /usr/lib/jvm/java-11-openjdk-amd64/lib/libmanagement_ext.so
7fb664afc000-7fb664b00000 r-xp 00000000 08:01 2754239                    /usr/lib/jvm/java-11-openjdk-amd64/lib/libmanagement.so
7fb664b00000-7fb664cff000 ---p 00004000 08:01 2754239                    /usr/lib/jvm/java-11-openjdk-amd64/lib/libmanagement.so
7fb664cff000-7fb664d00000 r--p 00003000 08:01 2754239                    /usr/lib/jvm/java-11-openjdk-amd64/lib/libmanagement.so
7fb664d00000-7fb664d01000 rw-p 00004000 08:01 2754239                    /usr/lib/jvm/java-11-openjdk-amd64/lib/libmanagement.so
7fb664d01000-7fb664d02000 ---p 00000000 00:00 0 
7fb664d02000-7fb664e03000 rw-p 00000000 00:00 0 
7fb664e03000-7fb664e07000 ---p 00000000 00:00 0 
7fb664e07000-7fb664f04000 rw-p 00000000 00:00 0 
7fb664f04000-7fb664f05000 ---p 00000000 00:00 0 
7fb664f05000-7fb665006000 rw-p 00000000 00:00 0 
7fb665006000-7fb665007000 ---p 00000000 00:00 0 
7fb665007000-7fb665108000 rw-p 00000000 00:00 0 
7fb665108000-7fb66511e000 r-xp 00000000 08:01 2754243                    /usr/lib/jvm/java-11-openjdk-amd64/lib/libnet.so
7fb66511e000-7fb66531d000 ---p 00016000 08:01 2754243                    /usr/lib/jvm/java-11-openjdk-amd64/lib/libnet.so
7fb66531d000-7fb66531e000 r--p 00015000 08:01 2754243                    /usr/lib/jvm/java-11-openjdk-amd64/lib/libnet.so
7fb66531e000-7fb66531f000 rw-p 00016000 08:01 2754243                    /usr/lib/jvm/java-11-openjdk-amd64/lib/libnet.so
7fb66531f000-7fb66532f000 r-xp 00000000 08:01 2754244                    /usr/lib/jvm/java-11-openjdk-amd64/lib/libnio.so
7fb66532f000-7fb66552e000 ---p 00010000 08:01 2754244                    /usr/lib/jvm/java-11-openjdk-amd64/lib/libnio.so
7fb66552e000-7fb66552f000 r--p 0000f000 08:01 2754244                    /usr/lib/jvm/java-11-openjdk-amd64/lib/libnio.so
7fb66552f000-7fb665530000 rw-p 00010000 08:01 2754244                    /usr/lib/jvm/java-11-openjdk-amd64/lib/libnio.so
7fb665530000-7fb665534000 ---p 00000000 00:00 0 
7fb665534000-7fb665631000 rw-p 00000000 00:00 0 
7fb665631000-7fb666000000 r--p 00000000 08:01 2628217                    /usr/lib/locale/locale-archive
7fb666000000-7fb668000000 rw-p 00000000 00:00 0 
7fb668000000-7fb668021000 rw-p 00000000 00:00 0 
7fb668021000-7fb66c000000 ---p 00000000 00:00 0 
7fb66c06d000-7fb66c06e000 ---p 00000000 00:00 0 
7fb66c06e000-7fb66c16f000 rw-p 00000000 00:00 0 
7fb66c16f000-7fb66c173000 ---p 00000000 00:00 0 
7fb66c173000-7fb66c4ec000 rw-p 00000000 00:00 0 
7fb66c4ec000-7fb66e130000 ---p 00000000 00:00 0 
7fb66e130000-7fb66e3b4000 rw-p 00000000 00:00 0 
7fb66e3b4000-7fb66fff8000 ---p 00000000 00:00 0 
7fb66fff8000-7fb670000000 rw-p 00000000 00:00 0 
7fb670000000-7fb670021000 rw-p 00000000 00:00 0 
7fb670021000-7fb674000000 ---p 00000000 00:00 0 
7fb674055000-7fb674059000 ---p 00000000 00:00 0 
7fb674059000-7fb674956000 rw-p 00000000 00:00 0 
7fb674956000-7fb674bc6000 rwxp 00000000 00:00 0 
7fb674bc6000-7fb674ee6000 ---p 00000000 00:00 0 
7fb674ee6000-7fb675946000 rwxp 00000000 00:00 0 
7fb675946000-7fb67c41e000 ---p 00000000 00:00 0 
7fb67c41e000-7fb67c68e000 rwxp 00000000 00:00 0 
7fb67c68e000-7fb683956000 ---p 00000000 00:00 0 
7fb683956000-7fb68c000000 r--s 00000000 08:01 2754253                    /usr/lib/jvm/java-11-openjdk-amd64/lib/modules
7fb68c000000-7fb68d6ed000 rw-p 00000000 00:00 0 
7fb68d6ed000-7fb690000000 ---p 00000000 00:00 0 
7fb69009b000-7fb69009f000 ---p 00000000 00:00 0 
7fb69009f000-7fb69019c000 rw-p 00000000 00:00 0 
7fb69019c000-7fb6901a0000 ---p 00000000 00:00 0 
7fb6901a0000-7fb69029d000 rw-p 00000000 00:00 0 
7fb69029d000-7fb6902a1000 ---p 00000000 00:00 0 
7fb6902a1000-7fb69039e000 rw-p 00000000 00:00 0 
7fb69039e000-7fb6903a2000 ---p 00000000 00:00 0 
7fb6903a2000-7fb69049f000 rw-p 00000000 00:00 0 
7fb69049f000-7fb6904a3000 ---p 00000000 00:00 0 
7fb6904a3000-7fb6905a0000 rw-p 00000000 00:00 0 
7fb6905a0000-7fb6905a1000 ---p 00000000 00:00 0 
7fb6905a1000-7fb69077e000 rw-p 00000000 00:00 0 
7fb69077e000-7fb69077f000 ---p 00000000 00:00 0 
7fb69077f000-7fb690880000 rw-p 00000000 00:00 0 
7fb690880000-7fb690881000 ---p 00000000 00:00 0 
7fb690881000-7fb690d86000 rw-p 00000000 00:00 0 
7fb690d86000-7fb690d87000 ---p 00000000 00:00 0 
7fb690d87000-7fb690e88000 rw-p 00000000 00:00 0 
7fb690e88000-7fb690e89000 ---p 00000000 00:00 0 
7fb690e89000-7fb690fda000 rw-p 00000000 00:00 0 
7fb690fda000-7fb691362000 ---p 00000000 00:00 0 
7fb691362000-7fb6913b3000 rw-p 00000000 00:00 0 
7fb6913b3000-7fb69173b000 ---p 00000000 00:00 0 
7fb69173b000-7fb69178c000 rw-p 00000000 00:00 0 
7fb69178c000-7fb691b14000 ---p 00000000 00:00 0 
7fb691b14000-7fb691f19000 rw-p 00000000 00:00 0 
7fb691f19000-7fb691f1a000 ---p 00000000 00:00 0 
7fb691f1a000-7fb692020000 rw-p 00000000 00:00 0 
7fb692020000-7fb692106000 ---p 00000000 00:00 0 
7fb692106000-7fb69211b000 rw-p 00000000 00:00 0 
7fb69211b000-7fb6921f1000 ---p 00000000 00:00 0 
7fb6921f1000-7fb6921f6000 r-xp 00000000 08:01 2754235                    /usr/lib/jvm/java-11-openjdk-amd64/lib/libjimage.so
7fb6921f6000-7fb6923f5000 ---p 00005000 08:01 2754235                    /usr/lib/jvm/java-11-openjdk-amd64/lib/libjimage.so
7fb6923f5000-7fb6923f6000 r--p 00004000 08:01 2754235                    /usr/lib/jvm/java-11-openjdk-amd64/lib/libjimage.so
7fb6923f6000-7fb6923f7000 rw-p 00005000 08:01 2754235                    /usr/lib/jvm/java-11-openjdk-amd64/lib/libjimage.so
7fb6923f7000-7fb6923fe000 r-xp 00000000 08:01 2754252                    /usr/lib/jvm/java-11-openjdk-amd64/lib/libzip.so
7fb6923fe000-7fb6925fd000 ---p 00007000 08:01 2754252                    /usr/lib/jvm/java-11-openjdk-amd64/lib/libzip.so
7fb6925fd000-7fb6925fe000 r--p 00006000 08:01 2754252                    /usr/lib/jvm/java-11-openjdk-amd64/lib/libzip.so
7fb6925fe000-7fb6925ff000 rw-p 00007000 08:01 2754252                    /usr/lib/jvm/java-11-openjdk-amd64/lib/libzip.so
7fb6925ff000-7fb69260a000 r-xp 00000000 08:01 3150646                    /lib/x86_64-linux-gnu/libnss_files-2.27.so
7fb69260a000-7fb692809000 ---p 0000b000 08:01 3150646                    /lib/x86_64-linux-gnu/libnss_files-2.27.so
7fb692809000-7fb69280a000 r--p 0000a000 08:01 3150646                    /lib/x86_64-linux-gnu/libnss_files-2.27.so
7fb69280a000-7fb69280b000 rw-p 0000b000 08:01 3150646                    /lib/x86_64-linux-gnu/libnss_files-2.27.so
7fb69280b000-7fb692811000 rw-p 00000000 00:00 0 
7fb692811000-7fb692828000 r-xp 00000000 08:01 3150640                    /lib/x86_64-linux-gnu/libnsl-2.27.so
7fb692828000-7fb692a27000 ---p 00017000 08:01 3150640                    /lib/x86_64-linux-gnu/libnsl-2.27.so
7fb692a27000-7fb692a28000 r--p 00016000 08:01 3150640                    /lib/x86_64-linux-gnu/libnsl-2.27.so
7fb692a28000-7fb692a29000 rw-p 00017000 08:01 3150640                    /lib/x86_64-linux-gnu/libnsl-2.27.so
7fb692a29000-7fb692a2b000 rw-p 00000000 00:00 0 
7fb692a2b000-7fb692a36000 r-xp 00000000 08:01 3150657                    /lib/x86_64-linux-gnu/libnss_nis-2.27.so
7fb692a36000-7fb692c35000 ---p 0000b000 08:01 3150657                    /lib/x86_64-linux-gnu/libnss_nis-2.27.so
7fb692c35000-7fb692c36000 r--p 0000a000 08:01 3150657                    /lib/x86_64-linux-gnu/libnss_nis-2.27.so
7fb692c36000-7fb692c37000 rw-p 0000b000 08:01 3150657                    /lib/x86_64-linux-gnu/libnss_nis-2.27.so
7fb692c37000-7fb692c3f000 r-xp 00000000 08:01 3150642                    /lib/x86_64-linux-gnu/libnss_compat-2.27.so
7fb692c3f000-7fb692e3f000 ---p 00008000 08:01 3150642                    /lib/x86_64-linux-gnu/libnss_compat-2.27.so
7fb692e3f000-7fb692e40000 r--p 00008000 08:01 3150642                    /lib/x86_64-linux-gnu/libnss_compat-2.27.so
7fb692e40000-7fb692e41000 rw-p 00009000 08:01 3150642                    /lib/x86_64-linux-gnu/libnss_compat-2.27.so
7fb692e41000-7fb692e6a000 r-xp 00000000 08:01 2754231                    /usr/lib/jvm/java-11-openjdk-amd64/lib/libjava.so
7fb692e6a000-7fb693069000 ---p 00029000 08:01 2754231                    /usr/lib/jvm/java-11-openjdk-amd64/lib/libjava.so
7fb693069000-7fb69306a000 r--p 00028000 08:01 2754231                    /usr/lib/jvm/java-11-openjdk-amd64/lib/libjava.so
7fb69306a000-7fb69306c000 rw-p 00029000 08:01 2754231                    /usr/lib/jvm/java-11-openjdk-amd64/lib/libjava.so
7fb69306c000-7fb693079000 r-xp 00000000 08:01 2754251                    /usr/lib/jvm/java-11-openjdk-amd64/lib/libverify.so
7fb693079000-7fb693278000 ---p 0000d000 08:01 2754251                    /usr/lib/jvm/java-11-openjdk-amd64/lib/libverify.so
7fb693278000-7fb69327a000 r--p 0000c000 08:01 2754251                    /usr/lib/jvm/java-11-openjdk-amd64/lib/libverify.so
7fb69327a000-7fb69327b000 rw-p 0000e000 08:01 2754251                    /usr/lib/jvm/java-11-openjdk-amd64/lib/libverify.so
7fb69327b000-7fb693282000 r-xp 00000000 08:01 3150697                    /lib/x86_64-linux-gnu/librt-2.27.so
7fb693282000-7fb693481000 ---p 00007000 08:01 3150697                    /lib/x86_64-linux-gnu/librt-2.27.so
7fb693481000-7fb693482000 r--p 00006000 08:01 3150697                    /lib/x86_64-linux-gnu/librt-2.27.so
7fb693482000-7fb693483000 rw-p 00007000 08:01 3150697                    /lib/x86_64-linux-gnu/librt-2.27.so
7fb693483000-7fb69349a000 r-xp 00000000 08:01 3145812                    /lib/x86_64-linux-gnu/libgcc_s.so.1
7fb69349a000-7fb693699000 ---p 00017000 08:01 3145812                    /lib/x86_64-linux-gnu/libgcc_s.so.1
7fb693699000-7fb69369a000 r--p 00016000 08:01 3145812                    /lib/x86_64-linux-gnu/libgcc_s.so.1
7fb69369a000-7fb69369b000 rw-p 00017000 08:01 3145812                    /lib/x86_64-linux-gnu/libgcc_s.so.1
7fb69369b000-7fb693838000 r-xp 00000000 08:01 3150619                    /lib/x86_64-linux-gnu/libm-2.27.so
7fb693838000-7fb693a37000 ---p 0019d000 08:01 3150619                    /lib/x86_64-linux-gnu/libm-2.27.so
7fb693a37000-7fb693a38000 r--p 0019c000 08:01 3150619                    /lib/x86_64-linux-gnu/libm-2.27.so
7fb693a38000-7fb693a39000 rw-p 0019d000 08:01 3150619                    /lib/x86_64-linux-gnu/libm-2.27.so
7fb693a39000-7fb693bb2000 r-xp 00000000 08:01 2622235                    /usr/lib/x86_64-linux-gnu/libstdc++.so.6.0.25
7fb693bb2000-7fb693db2000 ---p 00179000 08:01 2622235                    /usr/lib/x86_64-linux-gnu/libstdc++.so.6.0.25
7fb693db2000-7fb693dbc000 r--p 00179000 08:01 2622235                    /usr/lib/x86_64-linux-gnu/libstdc++.so.6.0.25
7fb693dbc000-7fb693dbe000 rw-p 00183000 08:01 2622235                    /usr/lib/x86_64-linux-gnu/libstdc++.so.6.0.25
7fb693dbe000-7fb693dc2000 rw-p 00000000 00:00 0 
7fb693dc2000-7fb694e8e000 r-xp 00000000 08:01 2754258                    /usr/lib/jvm/java-11-openjdk-amd64/lib/server/libjvm.so
7fb694e8e000-7fb69508d000 ---p 010cc000 08:01 2754258                    /usr/lib/jvm/java-11-openjdk-amd64/lib/server/libjvm.so
7fb69508d000-7fb69514a000 r--p 010cb000 08:01 2754258                    /usr/lib/jvm/java-11-openjdk-amd64/lib/server/libjvm.so
7fb69514a000-7fb695183000 rw-p 01188000 08:01 2754258                    /usr/lib/jvm/java-11-openjdk-amd64/lib/server/libjvm.so
7fb695183000-7fb6951d9000 rw-p 00000000 00:00 0 
7fb6951d9000-7fb6951f3000 r-xp 00000000 08:01 3150689                    /lib/x86_64-linux-gnu/libpthread-2.27.so
7fb6951f3000-7fb6953f2000 ---p 0001a000 08:01 3150689                    /lib/x86_64-linux-gnu/libpthread-2.27.so
7fb6953f2000-7fb6953f3000 r--p 00019000 08:01 3150689                    /lib/x86_64-linux-gnu/libpthread-2.27.so
7fb6953f3000-7fb6953f4000 rw-p 0001a000 08:01 3150689                    /lib/x86_64-linux-gnu/libpthread-2.27.so
7fb6953f4000-7fb6953f8000 rw-p 00000000 00:00 0 
7fb6953f8000-7fb6953fb000 r-xp 00000000 08:01 3150579                    /lib/x86_64-linux-gnu/libdl-2.27.so
7fb6953fb000-7fb6955fa000 ---p 00003000 08:01 3150579                    /lib/x86_64-linux-gnu/libdl-2.27.so
7fb6955fa000-7fb6955fb000 r--p 00002000 08:01 3150579                    /lib/x86_64-linux-gnu/libdl-2.27.so
7fb6955fb000-7fb6955fc000 rw-p 00003000 08:01 3150579                    /lib/x86_64-linux-gnu/libdl-2.27.so
7fb6955fc000-7fb695618000 r-xp 00000000 08:01 3150728                    /lib/x86_64-linux-gnu/libz.so.1.2.11
7fb695618000-7fb695817000 ---p 0001c000 08:01 3150728                    /lib/x86_64-linux-gnu/libz.so.1.2.11
7fb695817000-7fb695818000 r--p 0001b000 08:01 3150728                    /lib/x86_64-linux-gnu/libz.so.1.2.11
7fb695818000-7fb695819000 rw-p 0001c000 08:01 3150728                    /lib/x86_64-linux-gnu/libz.so.1.2.11
7fb695819000-7fb695a00000 r-xp 00000000 08:01 3150556                    /lib/x86_64-linux-gnu/libc-2.27.so
7fb695a00000-7fb695c00000 ---p 001e7000 08:01 3150556                    /lib/x86_64-linux-gnu/libc-2.27.so
7fb695c00000-7fb695c04000 r--p 001e7000 08:01 3150556                    /lib/x86_64-linux-gnu/libc-2.27.so
7fb695c04000-7fb695c06000 rw-p 001eb000 08:01 3150556                    /lib/x86_64-linux-gnu/libc-2.27.so
7fb695c06000-7fb695c0a000 rw-p 00000000 00:00 0 
7fb695c0a000-7fb695c1a000 r-xp 00000000 08:01 2754213                    /usr/lib/jvm/java-11-openjdk-amd64/lib/jli/libjli.so
7fb695c1a000-7fb695e19000 ---p 00010000 08:01 2754213                    /usr/lib/jvm/java-11-openjdk-amd64/lib/jli/libjli.so
7fb695e19000-7fb695e1a000 r--p 0000f000 08:01 2754213                    /usr/lib/jvm/java-11-openjdk-amd64/lib/jli/libjli.so
7fb695e1a000-7fb695e1b000 rw-p 00010000 08:01 2754213                    /usr/lib/jvm/java-11-openjdk-amd64/lib/jli/libjli.so
7fb695e1b000-7fb695e42000 r-xp 00000000 08:01 3150528                    /lib/x86_64-linux-gnu/ld-2.27.so
7fb695e47000-7fb695f24000 rw-p 00000000 00:00 0 
7fb695f24000-7fb695f28000 ---p 00000000 00:00 0 
7fb695f28000-7fb696027000 rw-p 00000000 00:00 0 
7fb696028000-7fb69602d000 rw-p 00000000 00:00 0 
7fb69602d000-7fb696034000 ---p 00000000 00:00 0 
7fb696034000-7fb696036000 r--s 00007000 08:01 3018561                    /usr/share/java/java-atk-wrapper.jar
7fb696036000-7fb69603e000 rw-s 00000000 08:01 11275286                   /tmp/hsperfdata_victor/19468
7fb69603e000-7fb69603f000 ---p 00000000 00:00 0 
7fb69603f000-7fb696040000 r--p 00000000 00:00 0 
7fb696040000-7fb696042000 rw-p 00000000 00:00 0 
7fb696042000-7fb696043000 r--p 00027000 08:01 3150528                    /lib/x86_64-linux-gnu/ld-2.27.so
7fb696043000-7fb696044000 rw-p 00028000 08:01 3150528                    /lib/x86_64-linux-gnu/ld-2.27.so
7fb696044000-7fb696045000 rw-p 00000000 00:00 0 
7ffd8335e000-7ffd83382000 rw-p 00000000 00:00 0                          [stack]
7ffd833d6000-7ffd833d9000 r--p 00000000 00:00 0                          [vvar]
7ffd833d9000-7ffd833da000 r-xp 00000000 00:00 0                          [vdso]
ffffffffff600000-ffffffffff601000 r-xp 00000000 00:00 0                  [vsyscall]


VM Arguments:
jvm_args: -Dfile.encoding=UTF-8 
java_command: com.rumanski.ordering.OrderingApplication
java_class_path (initial): /home/victor/dev/projects/eshop/ordering/target/classes:/home/victor/.m2/repository/org/springframework/boot/spring-boot-starter-data-jpa/2.2.0.RELEASE/spring-boot-starter-data-jpa-2.2.0.RELEASE.jar:/home/victor/.m2/repository/org/springframework/boot/spring-boot-starter-aop/2.2.0.RELEASE/spring-boot-starter-aop-2.2.0.RELEASE.jar:/home/victor/.m2/repository/org/springframework/spring-aop/5.2.0.RELEASE/spring-aop-5.2.0.RELEASE.jar:/home/victor/.m2/repository/org/aspectj/aspectjweaver/1.9.4/aspectjweaver-1.9.4.jar:/home/victor/.m2/repository/org/springframework/boot/spring-boot-starter-jdbc/2.2.0.RELEASE/spring-boot-starter-jdbc-2.2.0.RELEASE.jar:/home/victor/.m2/repository/com/zaxxer/HikariCP/3.4.1/HikariCP-3.4.1.jar:/home/victor/.m2/repository/org/springframework/spring-jdbc/5.2.0.RELEASE/spring-jdbc-5.2.0.RELEASE.jar:/home/victor/.m2/repository/jakarta/activation/jakarta.activation-api/1.2.1/jakarta.activation-api-1.2.1.jar:/home/victor/.m2/repository/jakarta/persistence/jakarta.persistence-api/2.2.3/jakarta.persistence-api-2.2.3.jar:/home/victor/.m2/repository/jakarta/transaction/jakarta.transaction-api/1.3.3/jakarta.transaction-api-1.3.3.jar:/home/victor/.m2/repository/org/hibernate/hibernate-core/5.4.6.Final/hibernate-core-5.4.6.Final.jar:/home/victor/.m2/repository/org/jboss/logging/jboss-logging/3.4.1.Final/jboss-logging-3.4.1.Final.jar:/home/victor/.m2/repository/org/javassist/javassist/3.24.0-GA/javassist-3.24.0-GA.jar:/home/victor/.m2/repository/net/bytebuddy/byte-buddy/1.10.1/byte-buddy-1.10.1.jar:/home/victor/.m2/repository/antlr/antlr/2.7.7/antlr-2.7.7.jar:/home/victor/.m2/repository/org/jboss/jandex/2.0.5.Final/jandex-2.0.5.Final.jar:/home/victor/.m2/repository/com/fasterxml/classmate/1.5.0/classmate-1.5.0.jar:/home/victor/.m2/repository/org/dom4j/dom4j/2.1.1/dom4j-2.1.1.jar:/home/victor/.m2/repository/org/hibernate/common/hibernate-commons-annotations/5.1.0.Final/hibernate-commons-annotations-5.1.0.Final.jar:/home/victor/.m
Launcher Type: SUN_STANDARD

[Global flags]
     intx CICompilerCount                          = 3                                         {product} {ergonomic}
     uint ConcGCThreads                            = 1                                         {product} {ergonomic}
     uint G1ConcRefinementThreads                  = 4                                         {product} {ergonomic}
   size_t G1HeapRegionSize                         = 1048576                                   {product} {ergonomic}
    uintx GCDrainStackTargetSize                   = 64                                        {product} {ergonomic}
   size_t InitialHeapSize                          = 130023424                                 {product} {ergonomic}
   size_t MarkStackSize                            = 4194304                                   {product} {ergonomic}
   size_t MaxHeapSize                              = 2065694720                                {product} {ergonomic}
   size_t MaxNewSize                               = 1239416832                                {product} {ergonomic}
   size_t MinHeapDeltaBytes                        = 1048576                                   {product} {ergonomic}
    uintx NonNMethodCodeHeapSize                   = 5830092                                {pd product} {ergonomic}
    uintx NonProfiledCodeHeapSize                  = 122914074                              {pd product} {ergonomic}
    uintx ProfiledCodeHeapSize                     = 122914074                              {pd product} {ergonomic}
    uintx ReservedCodeCacheSize                    = 251658240                              {pd product} {ergonomic}
     bool SegmentedCodeCache                       = true                                      {product} {ergonomic}
     bool UseCompressedClassPointers               = true                                 {lp64_product} {ergonomic}
     bool UseCompressedOops                        = true                                 {lp64_product} {ergonomic}
     bool UseG1GC                                  = true                                      {product} {ergonomic}

Logging:
Log output configuration:
 #0: stdout all=warning uptime,level,tags
 #1: stderr all=off uptime,level,tags

Environment Variables:
PATH=/home/victor/.npm-global/bin:/usr/local/sbin:/usr/local/bin:/usr/sbin:/usr/bin:/sbin:/bin:/usr/games:/usr/local/games
USERNAME=victor
SHELL=/bin/bash
DISPLAY=:0

Signal Handlers:
SIGSEGV: [libjvm.so+0xde5f50], sa_mask[0]=11111111011111111101111111111110, sa_flags=SA_RESTART|SA_SIGINFO
SIGBUS: [libjvm.so+0xde5f50], sa_mask[0]=11111111011111111101111111111110, sa_flags=SA_RESTART|SA_SIGINFO
SIGFPE: [libjvm.so+0xde5f50], sa_mask[0]=11111111011111111101111111111110, sa_flags=SA_RESTART|SA_SIGINFO
SIGPIPE: [libjvm.so+0xbba5b0], sa_mask[0]=11111111011111111101111111111110, sa_flags=SA_RESTART|SA_SIGINFO
SIGXFSZ: [libjvm.so+0xbba5b0], sa_mask[0]=11111111011111111101111111111110, sa_flags=SA_RESTART|SA_SIGINFO
SIGILL: [libjvm.so+0xde5f50], sa_mask[0]=11111111011111111101111111111110, sa_flags=SA_RESTART|SA_SIGINFO
SIGUSR2: [libjvm.so+0xbba450], sa_mask[0]=00100000000000000000000000000000, sa_flags=SA_RESTART|SA_SIGINFO
SIGHUP: [libjvm.so+0xbba7b0], sa_mask[0]=11111111011111111101111111111110, sa_flags=SA_RESTART|SA_SIGINFO
SIGINT: [libjvm.so+0xbba7b0], sa_mask[0]=11111111011111111101111111111110, sa_flags=SA_RESTART|SA_SIGINFO
SIGTERM: [libjvm.so+0xbba7b0], sa_mask[0]=11111111011111111101111111111110, sa_flags=SA_RESTART|SA_SIGINFO
SIGQUIT: [libjvm.so+0xbba7b0], sa_mask[0]=11111111011111111101111111111110, sa_flags=SA_RESTART|SA_SIGINFO


---------------  S Y S T E M  ---------------

OS:DISTRIB_ID=Ubuntu
DISTRIB_RELEASE=18.04
DISTRIB_CODENAME=bionic
DISTRIB_DESCRIPTION="Ubuntu 18.04.3 LTS"
uname:Linux 5.0.0-32-generic #34~18.04.2-Ubuntu SMP Thu Oct 10 10:36:02 UTC 2019 x86_64
libc:glibc 2.27 NPTL 2.27 
rlimit: STACK 8192k, CORE 0k, NPROC 31329, NOFILE 4096, AS infinity, DATA infinity, FSIZE infinity
load average:2,65 1,46 1,27

/proc/meminfo:
MemTotal:        8068000 kB
MemFree:          117924 kB
MemAvailable:      20376 kB
Buffers:             516 kB
Cached:           509016 kB
SwapCached:         2628 kB
Active:          6738960 kB
Inactive:         857068 kB
Active(anon):    6727644 kB
Inactive(anon):   841296 kB
Active(file):      11316 kB
Inactive(file):    15772 kB
Unevictable:         708 kB
Mlocked:              96 kB
SwapTotal:       2097148 kB
SwapFree:              0 kB
Dirty:               108 kB
Writeback:             0 kB
AnonPages:       7085244 kB
Mapped:           191156 kB
Shmem:            481820 kB
KReclaimable:      51528 kB
Slab:             117044 kB
SReclaimable:      51528 kB
SUnreclaim:        65516 kB
KernelStack:       25088 kB
PageTables:       106520 kB
NFS_Unstable:          0 kB
Bounce:                0 kB
WritebackTmp:          0 kB
CommitLimit:     6131148 kB
Committed_AS:   20494516 kB
VmallocTotal:   34359738367 kB
VmallocUsed:           0 kB
VmallocChunk:          0 kB
Percpu:             2176 kB
HardwareCorrupted:     0 kB
AnonHugePages:         0 kB
ShmemHugePages:        0 kB
ShmemPmdMapped:        0 kB
CmaTotal:              0 kB
CmaFree:               0 kB
HugePages_Total:       0
HugePages_Free:        0
HugePages_Rsvd:        0
HugePages_Surp:        0
Hugepagesize:       2048 kB
Hugetlb:               0 kB
DirectMap4k:      488928 kB
DirectMap2M:     7802880 kB
DirectMap1G:           0 kB


/proc/sys/kernel/threads-max (system-wide limit on the number of threads):
62658


/proc/sys/vm/max_map_count (maximum number of memory map areas a process may have):
65530


/proc/sys/kernel/pid_max (system-wide limit on number of process identifiers):
32768



container (cgroup) information:
container_type: cgroupv1
cpu_cpuset_cpus: 0-3
cpu_memory_nodes: 0
active_processor_count: 4
cpu_quota: -1
cpu_period: 100000
cpu_shares: -1
memory_limit_in_bytes: -1
memory_and_swap_limit_in_bytes: -2
memory_soft_limit_in_bytes: -1
memory_usage_in_bytes: 7778267136
memory_max_usage_in_bytes: 432340992

Steal ticks since vm start: 0
Steal ticks percentage since vm start:  0,000

CPU:total 4 (initial active 4) (2 cores per cpu, 2 threads per core) family 6 model 69 stepping 1, cmov, cx8, fxsr, mmx, sse, sse2, sse3, ssse3, sse4.1, sse4.2, popcnt, avx, avx2, aes, clmul, erms, lzcnt, ht, tsc, tscinvbit, bmi1, bmi2, fma
CPU Model and flags from /proc/cpuinfo:
model name	: Intel(R) Core(TM) i7-4510U CPU @ 2.00GHz
flags		: fpu vme de pse tsc msr pae mce cx8 apic sep mtrr pge mca cmov pat pse36 clflush dts acpi mmx fxsr sse sse2 ss ht tm pbe syscall nx pdpe1gb rdtscp lm constant_tsc arch_perfmon pebs bts rep_good nopl xtopology nonstop_tsc cpuid aperfmperf pni pclmulqdq dtes64 monitor ds_cpl vmx est tm2 ssse3 sdbg fma cx16 xtpr pdcm pcid sse4_1 sse4_2 movbe popcnt tsc_deadline_timer aes xsave avx f16c rdrand lahf_lm abm cpuid_fault epb invpcid_single pti ssbd ibrs ibpb stibp tpr_shadow vnmi flexpriority ept vpid ept_ad fsgsbase tsc_adjust bmi1 avx2 smep bmi2 erms invpcid xsaveopt dtherm ida arat pln pts md_clear flush_l1d

Memory: 4k page, physical 8068000k(118428k free), swap 2097148k(0k free)

vm_info: OpenJDK 64-Bit Server VM (11.0.4+11-post-Ubuntu-1ubuntu218.04.3) for linux-amd64 JRE (11.0.4+11-post-Ubuntu-1ubuntu218.04.3), built on Jul 18 2019 18:21:46 by "buildd" with gcc 7.4.0

END.
